ERC report (2024-10-22T11:05:56-0500, Encoding UTF8)

***** Sheet /
[pin_not_connected]: Pin not connected
    ; error
    @(2150.00 mils, 6400.00 mils): Symbol U2 Pin 13 [RXT/GPIO.1, Bidirectional, Line]
[pin_not_connected]: Pin not connected
    ; error
    @(2150.00 mils, 6300.00 mils): Symbol U2 Pin 14 [TXT/GPIO.0, Bidirectional, Line]
[pin_not_connected]: Pin not connected
    ; error
    @(2150.00 mils, 6600.00 mils): Symbol U2 Pin 11 [GPIO.3, Bidirectional, Line]
[pin_not_connected]: Pin not connected
    ; error
    @(2150.00 mils, 6500.00 mils): Symbol U2 Pin 12 [RS485/GPIO.2, Bidirectional, Line]
[label_dangling]: Label not connected to anything
    ; error
    @(850.00 mils, 5600.00 mils): Label 'VBUS'
[pin_not_driven]: Input pin not driven by any Output pins
    ; error
    @(1150.00 mils, 5600.00 mils): Symbol U2 Pin 8 [VBUS, Input, Line]
[pin_not_connected]: Pin not connected
    ; error
    @(2150.00 mils, 5500.00 mils): Symbol U2 Pin 22 [~{DSR}, Input, Line]
[pin_not_connected]: Pin not connected
    ; error
    @(2150.00 mils, 5700.00 mils): Symbol U2 Pin 24 [~{DCD}, Input, Line]
[pin_not_connected]: Pin not connected
    ; error
    @(1150.00 mils, 5100.00 mils): Symbol U2 Pin 9 [~{RST}, Bidirectional, Line]
[pin_not_connected]: Pin not connected
    ; error
    @(2150.00 mils, 6000.00 mils): Symbol U2 Pin 17 [SUSPEND, Output, Line]
[pin_not_connected]: Pin not connected
    ; error
    @(2150.00 mils, 6100.00 mils): Symbol U2 Pin 15 [~{SUSPEND}, Output, Line]
[pin_not_connected]: Pin not connected
    ; error
    @(2150.00 mils, 5800.00 mils): Symbol U2 Pin 1 [~{RI}, Input, Line]
[pin_not_connected]: Pin not connected
    ; error
    @(2150.00 mils, 5400.00 mils): Symbol U2 Pin 18 [~{CTS}, Input, Line]
[pin_not_driven]: Input pin not driven by any Output pins
    ; error
    @(2150.00 mils, 5400.00 mils): Symbol U2 Pin 18 [~{CTS}, Input, Line]
[pin_not_driven]: Input pin not driven by any Output pins
    ; error
    @(2150.00 mils, 5700.00 mils): Symbol U2 Pin 24 [~{DCD}, Input, Line]
[pin_not_driven]: Input pin not driven by any Output pins
    ; error
    @(2150.00 mils, 5500.00 mils): Symbol U2 Pin 22 [~{DSR}, Input, Line]
[pin_not_driven]: Input pin not driven by any Output pins
    ; error
    @(2150.00 mils, 5800.00 mils): Symbol U2 Pin 1 [~{RI}, Input, Line]
[pin_not_connected]: Pin not connected
    ; error
    @(3300.00 mils, 4450.00 mils): Symbol J10 Pin 9 [Pin_9, Passive, Line]
[pin_not_connected]: Pin not connected
    ; error
    @(3300.00 mils, 4250.00 mils): Symbol J10 Pin 7 [Pin_7, Passive, Line]
[pin_not_connected]: Pin not connected
    ; error
    @(3300.00 mils, 4350.00 mils): Symbol J10 Pin 8 [Pin_8, Passive, Line]
[multiple_net_names]: Both +3V3 and GND are attached to the same items; +3V3 will be used in the netlist
    ; warning
    @(8650.00 mils, 900.00 mils): Symbol #PWR05 Pin 1 [Power input, Line]
    @(3000.00 mils, 4150.00 mils): Symbol #PWR051 Pin 1 [Power input, Line]
[lib_symbol_issues]: The current configuration does not include the library 'MPU6500'
    ; warning
    @(3350.00 mils, 5100.00 mils): Symbol U6 [MPU-6500]
[pin_not_connected]: Pin not connected
    ; error
    @(3350.00 mils, 6100.00 mils): Symbol U6 Pin 11 [FSYNC, Input, Line]
[pin_not_connected]: Pin not connected
    ; error
    @(3350.00 mils, 5700.00 mils): Symbol U6 Pin 7 [AUX_CL, Unspecified, Line]
[pin_not_driven]: Input pin not driven by any Output pins
    ; error
    @(3350.00 mils, 6100.00 mils): Symbol U6 Pin 11 [FSYNC, Input, Line]
[pin_to_pin]: Pins of type Passive and Unspecified are connected
    ; warning
    @(3050.00 mils, 6000.00 mils): Symbol C16 Pin 2 [Passive, Line]
    @(3350.00 mils, 6000.00 mils): Symbol U6 Pin 10 [REGOUT, Unspecified, Line]
[pin_not_connected]: Pin not connected
    ; error
    @(5550.00 mils, 5500.00 mils): Symbol U6 Pin 21 [AUX_DA, Unspecified, Line]
[power_pin_not_driven]: Input Power pin not driven by any Output Power pins
    ; error
    @(5900.00 mils, 6300.00 mils): Symbol #PWR057 Pin 1 [Power input, Line]
[pin_to_pin]: Pins of type Power output and Power output are connected
    ; error
    @(5550.00 mils, 5800.00 mils): Symbol U6 Pin 18 [GND, Power output, Line]
    @(6300.00 mils, 5100.00 mils): Symbol U7 Pin 4 [GND, Power output, Line]
[pin_not_connected]: Pin not connected
    ; error
    @(5550.00 mils, 5100.00 mils): Symbol U6 Pin 25 [25, Unspecified, Line]
[pin_not_connected]: Pin not connected
    ; error
    @(6300.00 mils, 4800.00 mils): Symbol U7 Pin 1 [RT, Unspecified, Line]
[power_pin_not_driven]: Input Power pin not driven by any Output Power pins
    ; error
    @(7900.00 mils, 5000.00 mils): Symbol U7 Pin 6 [BST, Power input, Line]
[power_pin_not_driven]: Input Power pin not driven by any Output Power pins
    ; error
    @(7900.00 mils, 5100.00 mils): Symbol U7 Pin 5 [SW, Power input, Line]
[lib_symbol_issues]: The current configuration does not include the library 'TPS62933DRLR'
    ; warning
    @(6300.00 mils, 4800.00 mils): Symbol U7 [TPS62933DRLR]
[pin_not_connected]: Pin not connected
    ; error
    @(6300.00 mils, 4900.00 mils): Symbol U7 Pin 2 [EN, Unspecified, Line]
[multiple_net_names]: Both +12V and Vin are attached to the same items; +12V will be used in the netlist
    ; warning
    @(3850.00 mils, 1650.00 mils): Symbol #PWR076 Pin 1 [Power input, Line]
    @(6300.00 mils, 5000.00 mils): Label 'Vin'
[pin_to_pin]: Pins of type Passive and Unspecified are connected
    ; warning
    @(7850.00 mils, 5900.00 mils): Symbol C19 Pin 1 [Passive, Line]
    @(3000.00 mils, 1650.00 mils): Symbol Q3 Pin 3 [3, Unspecified, Line]
[pin_to_pin]: Pins of type Passive and Unspecified are connected
    ; warning
    @(7850.00 mils, 5900.00 mils): Symbol C19 Pin 1 [Passive, Line]
    @(3000.00 mils, 1850.00 mils): Symbol Q3 Pin 1 [1, Unspecified, Line]
[pin_to_pin]: Pins of type Passive and Unspecified are connected
    ; warning
    @(7850.00 mils, 5900.00 mils): Symbol C19 Pin 1 [Passive, Line]
    @(3000.00 mils, 1750.00 mils): Symbol Q3 Pin 2 [2, Unspecified, Line]
[pin_to_pin]: Pins of type Passive and Unspecified are connected
    ; warning
    @(7200.00 mils, 5900.00 mils): Symbol C18 Pin 1 [Passive, Line]
    @(3000.00 mils, 1650.00 mils): Symbol Q3 Pin 3 [3, Unspecified, Line]
[pin_to_pin]: Pins of type Passive and Unspecified are connected
    ; warning
    @(7200.00 mils, 5900.00 mils): Symbol C18 Pin 1 [Passive, Line]
    @(3000.00 mils, 1850.00 mils): Symbol Q3 Pin 1 [1, Unspecified, Line]
[pin_to_pin]: Pins of type Passive and Unspecified are connected
    ; warning
    @(7200.00 mils, 5900.00 mils): Symbol C18 Pin 1 [Passive, Line]
    @(3000.00 mils, 1750.00 mils): Symbol Q3 Pin 2 [2, Unspecified, Line]
[pin_to_pin]: Pins of type Power input and Unspecified are connected
    ; warning
    @(6750.00 mils, 5850.00 mils): Symbol #PWR044 Pin 1 [Power input, Line]
    @(3000.00 mils, 1650.00 mils): Symbol Q3 Pin 3 [3, Unspecified, Line]
[pin_to_pin]: Pins of type Power input and Unspecified are connected
    ; warning
    @(6750.00 mils, 5850.00 mils): Symbol #PWR044 Pin 1 [Power input, Line]
    @(3000.00 mils, 1850.00 mils): Symbol Q3 Pin 1 [1, Unspecified, Line]
[pin_to_pin]: Pins of type Power input and Unspecified are connected
    ; warning
    @(6750.00 mils, 5850.00 mils): Symbol #PWR044 Pin 1 [Power input, Line]
    @(3000.00 mils, 1750.00 mils): Symbol Q3 Pin 2 [2, Unspecified, Line]
[pin_to_pin]: Pins of type Passive and Unspecified are connected
    ; warning
    @(8400.00 mils, 6050.00 mils): Symbol C20 Pin 1 [Passive, Line]
    @(7900.00 mils, 4900.00 mils): Symbol U7 Pin 7 [SS, Unspecified, Line]
[pin_to_pin]: Pins of type Passive and Unspecified are connected
    ; warning
    @(9250.00 mils, 5450.00 mils): Symbol R15 Pin 1 [Passive, Line]
    @(7900.00 mils, 4800.00 mils): Symbol U7 Pin 8 [FB, Unspecified, Line]
[pin_to_pin]: Pins of type Passive and Unspecified are connected
    ; warning
    @(9250.00 mils, 5200.00 mils): Symbol R14 Pin 2 [Passive, Line]
    @(7900.00 mils, 4800.00 mils): Symbol U7 Pin 8 [FB, Unspecified, Line]
[pin_not_connected]: Pin not connected
    ; error
    @(9400.00 mils, 2800.00 mils): Symbol U1 Pin 12 [IO8, Bidirectional, Line]
[pin_not_connected]: Pin not connected
    ; error
    @(9400.00 mils, 3600.00 mils): Symbol U1 Pin 9 [IO16, Bidirectional, Line]
[pin_to_pin]: Pins of type Bidirectional and Unspecified are connected
    ; warning
    @(9400.00 mils, 3100.00 mils): Symbol U1 Pin 19 [IO11, Bidirectional, Line]
    @(5550.00 mils, 5200.00 mils): Symbol U6 Pin 24 [SDA/SDI, Unspecified, Line]
[pin_to_pin]: Pins of type Bidirectional and Unspecified are connected
    ; warning
    @(9400.00 mils, 3200.00 mils): Symbol U1 Pin 20 [IO12, Bidirectional, Line]
    @(5550.00 mils, 5300.00 mils): Symbol U6 Pin 23 [SCL/SCLK, Unspecified, Line]
[pin_to_pin]: Pins of type Bidirectional and Unspecified are connected
    ; warning
    @(9400.00 mils, 3400.00 mils): Symbol U1 Pin 22 [IO14, Bidirectional, Line]
    @(5550.00 mils, 5400.00 mils): Symbol U6 Pin 22 [nCS, Unspecified, Line]
[pin_to_pin]: Pins of type Bidirectional and Unspecified are connected
    ; warning
    @(9400.00 mils, 3300.00 mils): Symbol U1 Pin 21 [IO13, Bidirectional, Line]
    @(3350.00 mils, 5900.00 mils): Symbol U6 Pin 9 [SDO/ADO, Unspecified, Line]
[label_dangling]: Label not connected to anything
    ; error
    @(9100.00 mils, 3000.00 mils): Label 'LINACT-'
[label_dangling]: Label not connected to anything
    ; error
    @(9050.00 mils, 2500.00 mils): Label 'Moisture_Sensor_Output'
[label_dangling]: Label not connected to anything
    ; error
    @(9100.00 mils, 2900.00 mils): Label 'UWBCS'
[pin_not_connected]: Pin not connected
    ; error
    @(1350.00 mils, 4000.00 mils): Symbol J2 Pin 4 [ID, Passive, Line]
[pin_to_pin]: Pins of type Power output and Power output are connected
    ; error
    @(1050.00 mils, 4200.00 mils): Symbol J2 Pin 5 [GND, Power output, Line]
    @(5550.00 mils, 5800.00 mils): Symbol U6 Pin 18 [GND, Power output, Line]
[pin_to_pin]: Pins of type Power output and Power output are connected
    ; error
    @(1050.00 mils, 4200.00 mils): Symbol J2 Pin 5 [GND, Power output, Line]
    @(6300.00 mils, 5100.00 mils): Symbol U7 Pin 4 [GND, Power output, Line]
[pin_not_connected]: Pin not connected
    ; error
    @(950.00 mils, 4200.00 mils): Symbol J2 Pin 6 [Shield, Passive, Line]
[pin_to_pin]: Pins of type Power input and Unspecified are connected
    ; warning
    @(3850.00 mils, 1650.00 mils): Symbol #PWR076 Pin 1 [Power input, Line]
    @(3000.00 mils, 1650.00 mils): Symbol Q3 Pin 3 [3, Unspecified, Line]
[pin_to_pin]: Pins of type Power input and Unspecified are connected
    ; warning
    @(3850.00 mils, 1650.00 mils): Symbol #PWR076 Pin 1 [Power input, Line]
    @(3000.00 mils, 1850.00 mils): Symbol Q3 Pin 1 [1, Unspecified, Line]
[pin_to_pin]: Pins of type Power input and Unspecified are connected
    ; warning
    @(3850.00 mils, 1650.00 mils): Symbol #PWR076 Pin 1 [Power input, Line]
    @(3000.00 mils, 1750.00 mils): Symbol Q3 Pin 2 [2, Unspecified, Line]
[pin_to_pin]: Pins of type Unspecified and Passive are connected
    ; warning
    @(3000.00 mils, 1850.00 mils): Symbol Q3 Pin 1 [1, Unspecified, Line]
    @(3850.00 mils, 1850.00 mils): Symbol R10 Pin 1 [Passive, Line]
[pin_to_pin]: Pins of type Unspecified and Unspecified are connected
    ; warning
    @(1800.00 mils, 1750.00 mils): Symbol Q3 Pin 7 [7, Unspecified, Line]
    @(1800.00 mils, 1850.00 mils): Symbol Q3 Pin 8 [8, Unspecified, Line]
[pin_to_pin]: Pins of type Unspecified and Passive are connected
    ; warning
    @(3000.00 mils, 1550.00 mils): Symbol Q3 Pin 4 [4, Unspecified, Line]
    @(3350.00 mils, 2150.00 mils): Symbol R9 Pin 1 [Passive, Line]
[pin_to_pin]: Pins of type Unspecified and Power input are connected
    ; warning
    @(3000.00 mils, 1750.00 mils): Symbol Q3 Pin 2 [2, Unspecified, Line]
    @(6300.00 mils, 5000.00 mils): Symbol U7 Pin 3 [VIN, Power input, Line]
[pin_to_pin]: Pins of type Unspecified and Passive are connected
    ; warning
    @(3000.00 mils, 1650.00 mils): Symbol Q3 Pin 3 [3, Unspecified, Line]
    @(3850.00 mils, 1850.00 mils): Symbol R10 Pin 1 [Passive, Line]
[pin_to_pin]: Pins of type Unspecified and Power input are connected
    ; warning
    @(3000.00 mils, 1650.00 mils): Symbol Q3 Pin 3 [3, Unspecified, Line]
    @(6300.00 mils, 5000.00 mils): Symbol U7 Pin 3 [VIN, Power input, Line]
[pin_to_pin]: Pins of type Unspecified and Unspecified are connected
    ; warning
    @(3000.00 mils, 1850.00 mils): Symbol Q3 Pin 1 [1, Unspecified, Line]
    @(3000.00 mils, 1750.00 mils): Symbol Q3 Pin 2 [2, Unspecified, Line]
[pin_to_pin]: Pins of type Unspecified and Unspecified are connected
    ; warning
    @(3000.00 mils, 1850.00 mils): Symbol Q3 Pin 1 [1, Unspecified, Line]
    @(3000.00 mils, 1650.00 mils): Symbol Q3 Pin 3 [3, Unspecified, Line]
[pin_to_pin]: Pins of type Unspecified and Power input are connected
    ; warning
    @(3000.00 mils, 1850.00 mils): Symbol Q3 Pin 1 [1, Unspecified, Line]
    @(6300.00 mils, 5000.00 mils): Symbol U7 Pin 3 [VIN, Power input, Line]
[pin_to_pin]: Pins of type Unspecified and Unspecified are connected
    ; warning
    @(3000.00 mils, 1750.00 mils): Symbol Q3 Pin 2 [2, Unspecified, Line]
    @(3000.00 mils, 1650.00 mils): Symbol Q3 Pin 3 [3, Unspecified, Line]
[pin_to_pin]: Pins of type Unspecified and Passive are connected
    ; warning
    @(3000.00 mils, 1750.00 mils): Symbol Q3 Pin 2 [2, Unspecified, Line]
    @(3850.00 mils, 1850.00 mils): Symbol R10 Pin 1 [Passive, Line]
[lib_symbol_issues]: The current configuration does not include the library 'local_symbols'
    ; warning
    @(3000.00 mils, 1850.00 mils): Symbol Q3 [AO4485]
[pin_to_pin]: Pins of type Passive and Unspecified are connected
    ; warning
    @(3350.00 mils, 1750.00 mils): Symbol D1 Pin 1 [K, Passive, Line]
    @(3000.00 mils, 1650.00 mils): Symbol Q3 Pin 3 [3, Unspecified, Line]
[pin_to_pin]: Pins of type Passive and Unspecified are connected
    ; warning
    @(3350.00 mils, 1750.00 mils): Symbol D1 Pin 1 [K, Passive, Line]
    @(3000.00 mils, 1850.00 mils): Symbol Q3 Pin 1 [1, Unspecified, Line]
[pin_to_pin]: Pins of type Passive and Unspecified are connected
    ; warning
    @(3350.00 mils, 1750.00 mils): Symbol D1 Pin 1 [K, Passive, Line]
    @(3000.00 mils, 1750.00 mils): Symbol Q3 Pin 2 [2, Unspecified, Line]
[pin_to_pin]: Pins of type Passive and Unspecified are connected
    ; warning
    @(3350.00 mils, 2050.00 mils): Symbol D1 Pin 2 [A, Passive, Line]
    @(3000.00 mils, 1550.00 mils): Symbol Q3 Pin 4 [4, Unspecified, Line]
[pin_to_pin]: Pins of type Passive and Unspecified are connected
    ; warning
    @(1700.00 mils, 1700.00 mils): Symbol F1 Pin 2 [Passive, Line]
    @(1800.00 mils, 1550.00 mils): Symbol Q3 Pin 5 [5, Unspecified, Line]
[pin_to_pin]: Pins of type Passive and Unspecified are connected
    ; warning
    @(1700.00 mils, 1700.00 mils): Symbol F1 Pin 2 [Passive, Line]
    @(1800.00 mils, 1650.00 mils): Symbol Q3 Pin 6 [6, Unspecified, Line]
[pin_to_pin]: Pins of type Unspecified and Unspecified are connected
    ; warning
    @(1800.00 mils, 1550.00 mils): Symbol Q3 Pin 5 [5, Unspecified, Line]
    @(1800.00 mils, 1650.00 mils): Symbol Q3 Pin 6 [6, Unspecified, Line]
[pin_to_pin]: Pins of type Unspecified and Unspecified are connected
    ; warning
    @(1800.00 mils, 1550.00 mils): Symbol Q3 Pin 5 [5, Unspecified, Line]
    @(1800.00 mils, 1750.00 mils): Symbol Q3 Pin 7 [7, Unspecified, Line]
[pin_to_pin]: Pins of type Unspecified and Unspecified are connected
    ; warning
    @(1800.00 mils, 1550.00 mils): Symbol Q3 Pin 5 [5, Unspecified, Line]
    @(1800.00 mils, 1850.00 mils): Symbol Q3 Pin 8 [8, Unspecified, Line]
[pin_to_pin]: Pins of type Unspecified and Unspecified are connected
    ; warning
    @(1800.00 mils, 1650.00 mils): Symbol Q3 Pin 6 [6, Unspecified, Line]
    @(1800.00 mils, 1750.00 mils): Symbol Q3 Pin 7 [7, Unspecified, Line]
[pin_to_pin]: Pins of type Unspecified and Unspecified are connected
    ; warning
    @(1800.00 mils, 1650.00 mils): Symbol Q3 Pin 6 [6, Unspecified, Line]
    @(1800.00 mils, 1850.00 mils): Symbol Q3 Pin 8 [8, Unspecified, Line]
[pin_to_pin]: Pins of type Passive and Unspecified are connected
    ; warning
    @(1700.00 mils, 1700.00 mils): Symbol F1 Pin 2 [Passive, Line]
    @(1800.00 mils, 1750.00 mils): Symbol Q3 Pin 7 [7, Unspecified, Line]
[pin_to_pin]: Pins of type Passive and Unspecified are connected
    ; warning
    @(1700.00 mils, 1700.00 mils): Symbol F1 Pin 2 [Passive, Line]
    @(1800.00 mils, 1850.00 mils): Symbol Q3 Pin 8 [8, Unspecified, Line]
[label_dangling]: Label not connected to anything
    ; error
    @(10600.00 mils, 2100.00 mils): Label 'MOTOR1FG'
[label_dangling]: Label not connected to anything
    ; error
    @(10600.00 mils, 2200.00 mils): Label 'MOTOR2PWM'
[label_dangling]: Label not connected to anything
    ; error
    @(10600.00 mils, 2000.00 mils): Label 'MOTOR1PWM'
[pin_not_connected]: Pin not connected
    ; error
    @(10600.00 mils, 3600.00 mils): Symbol U1 Pin 25 [IO48, Bidirectional, Line]
[label_dangling]: Label not connected to anything
    ; error
    @(10600.00 mils, 2300.00 mils): Label 'MOTOR2FG'
[pin_not_connected]: Pin not connected
    ; error
    @(9400.00 mils, 2100.00 mils): Symbol U1 Pin 39 [IO1, Bidirectional, Line]
[pin_not_connected]: Pin not connected
    ; error
    @(9400.00 mils, 2200.00 mils): Symbol U1 Pin 38 [IO2, Bidirectional, Line]
[label_dangling]: Label not connected to anything
    ; error
    @(10600.00 mils, 2500.00 mils): Label 'UWBMOSI'
[label_dangling]: Label not connected to anything
    ; error
    @(10600.00 mils, 2600.00 mils): Label 'UWBCLK'
[pin_not_connected]: Pin not connected
    ; error
    @(10600.00 mils, 2400.00 mils): Symbol U1 Pin 23 [IO21, Bidirectional, Line]
[label_dangling]: Label not connected to anything
    ; error
    @(10600.00 mils, 2700.00 mils): Label 'UWBMISO'
[label_dangling]: Label not connected to anything
    ; error
    @(10600.00 mils, 2800.00 mils): Label 'LINACT+'
[pin_not_connected]: Pin not connected
    ; error
    @(10600.00 mils, 3500.00 mils): Symbol U1 Pin 24 [IO47, Bidirectional, Line]
[label_dangling]: Label not connected to anything
    ; error
    @(10600.00 mils, 2900.00 mils): Label 'MOTOR3PWM'
[label_dangling]: Label not connected to anything
    ; error
    @(10600.00 mils, 3000.00 mils): Label 'MOTOR3FG'
[label_dangling]: Label not connected to anything
    ; error
    @(10600.00 mils, 3100.00 mils): Label 'MOTOR4PWM'
[label_dangling]: Label not connected to anything
    ; error
    @(10600.00 mils, 3200.00 mils): Label 'MOTOR4FG'
[pin_not_connected]: Pin not connected
    ; error
    @(10600.00 mils, 3300.00 mils): Symbol U1 Pin 26 [IO45, Bidirectional, Line]
[pin_to_pin]: Pins of type Passive and Unspecified are connected
    ; warning
    @(6650.00 mils, 3750.00 mils): Symbol J7 Pin 3 [Pin_3, Passive, Line]
    @(3350.00 mils, 5900.00 mils): Symbol U6 Pin 9 [SDO/ADO, Unspecified, Line]
[pin_to_pin]: Pins of type Passive and Unspecified are connected
    ; warning
    @(6650.00 mils, 3550.00 mils): Symbol J7 Pin 1 [Pin_1, Passive, Line]
    @(5550.00 mils, 5200.00 mils): Symbol U6 Pin 24 [SDA/SDI, Unspecified, Line]
[pin_to_pin]: Pins of type Passive and Unspecified are connected
    ; warning
    @(6650.00 mils, 3650.00 mils): Symbol J7 Pin 2 [Pin_2, Passive, Line]
    @(5550.00 mils, 5300.00 mils): Symbol U6 Pin 23 [SCL/SCLK, Unspecified, Line]
[pin_to_pin]: Pins of type Passive and Unspecified are connected
    ; warning
    @(6650.00 mils, 3850.00 mils): Symbol J7 Pin 4 [Pin_4, Passive, Line]
    @(5550.00 mils, 5400.00 mils): Symbol U6 Pin 22 [nCS, Unspecified, Line]

***** Sheet /Autonomous_Soil_Monitoring_Rover_Ryan_v1/
[power_pin_not_driven]: Input Power pin not driven by any Output Power pins
    ; error
    @(8850.00 mils, 1950.00 mils): Symbol U3 Pin 4 [OUT, Power input, Line]
[lib_symbol_issues]: The current configuration does not include the library 'LM1117'
    ; warning
    @(7950.00 mils, 2050.00 mils): Symbol U3 [LM1117DTX-3.3_NOPB]
[label_dangling]: Label not connected to anything
    ; error
    @(2500.00 mils, 950.00 mils): Label 'MOTOR1PWM'
[label_dangling]: Label not connected to anything
    ; error
    @(2500.00 mils, 2100.00 mils): Label 'MOTOR2PWM'
[label_dangling]: Label not connected to anything
    ; error
    @(2450.00 mils, 1250.00 mils): Label 'MOTOR1FG'
[pin_to_pin]: Pins of type Power input and Unspecified are connected
    ; warning
    @(2900.00 mils, 1750.00 mils): Symbol #PWR026 Pin 1 [Power input, Line]
    @(3000.00 mils, 1650.00 mils): Symbol Q3 Pin 3 [3, Unspecified, Line]
[pin_to_pin]: Pins of type Passive and Unspecified are connected
    ; warning
    @(2250.00 mils, 1350.00 mils): Symbol J3 Pin 5 [Pin_5, Passive, Line]
    @(3000.00 mils, 1850.00 mils): Symbol Q3 Pin 1 [1, Unspecified, Line]
[pin_to_pin]: Pins of type Passive and Unspecified are connected
    ; warning
    @(2250.00 mils, 1350.00 mils): Symbol J3 Pin 5 [Pin_5, Passive, Line]
    @(3000.00 mils, 1750.00 mils): Symbol Q3 Pin 2 [2, Unspecified, Line]
[pin_to_pin]: Pins of type Passive and Unspecified are connected
    ; warning
    @(2250.00 mils, 1350.00 mils): Symbol J3 Pin 5 [Pin_5, Passive, Line]
    @(3000.00 mils, 1650.00 mils): Symbol Q3 Pin 3 [3, Unspecified, Line]
[lib_symbol_issues]: Symbol 'OPAMP' has been modified in library 'Simulation_SPICE'
    ; warning
    @(2950.00 mils, 6800.00 mils): Symbol U8 [OPAMP]
[power_pin_not_driven]: Input Power pin not driven by any Output Power pins
    ; error
    @(2050.00 mils, 5000.00 mils): Symbol #PWR048 Pin 1 [Power input, Line]
[lib_symbol_issues]: Symbol 'OPAMP' has been modified in library 'Simulation_SPICE'
    ; warning
    @(2900.00 mils, 5450.00 mils): Symbol U5 [OPAMP]
[lib_symbol_issues]: Symbol 'OPAMP' has been modified in library 'Simulation_SPICE'
    ; warning
    @(5100.00 mils, 6000.00 mils): Symbol U9 [OPAMP]
[pin_to_pin]: Pins of type Power input and Unspecified are connected
    ; warning
    @(3250.00 mils, 4300.00 mils): Symbol #PWR032 Pin 1 [Power input, Line]
    @(3000.00 mils, 1850.00 mils): Symbol Q3 Pin 1 [1, Unspecified, Line]
[pin_to_pin]: Pins of type Power input and Unspecified are connected
    ; warning
    @(3250.00 mils, 4300.00 mils): Symbol #PWR032 Pin 1 [Power input, Line]
    @(3000.00 mils, 1750.00 mils): Symbol Q3 Pin 2 [2, Unspecified, Line]
[pin_to_pin]: Pins of type Power input and Unspecified are connected
    ; warning
    @(3250.00 mils, 4300.00 mils): Symbol #PWR032 Pin 1 [Power input, Line]
    @(3000.00 mils, 1650.00 mils): Symbol Q3 Pin 3 [3, Unspecified, Line]
[label_dangling]: Label not connected to anything
    ; error
    @(2500.00 mils, 4050.00 mils): Label 'MOTOR4FG'
[pin_to_pin]: Pins of type Power input and Unspecified are connected
    ; warning
    @(3250.00 mils, 3500.00 mils): Symbol #PWR030 Pin 1 [Power input, Line]
    @(3000.00 mils, 1650.00 mils): Symbol Q3 Pin 3 [3, Unspecified, Line]
[pin_to_pin]: Pins of type Power input and Unspecified are connected
    ; warning
    @(3250.00 mils, 3500.00 mils): Symbol #PWR030 Pin 1 [Power input, Line]
    @(3000.00 mils, 1850.00 mils): Symbol Q3 Pin 1 [1, Unspecified, Line]
[pin_to_pin]: Pins of type Power input and Unspecified are connected
    ; warning
    @(3250.00 mils, 3500.00 mils): Symbol #PWR030 Pin 1 [Power input, Line]
    @(3000.00 mils, 1750.00 mils): Symbol Q3 Pin 2 [2, Unspecified, Line]
[label_dangling]: Label not connected to anything
    ; error
    @(4250.00 mils, 4050.00 mils): Label 'LINACT+'
[label_dangling]: Label not connected to anything
    ; error
    @(4250.00 mils, 4150.00 mils): Label 'LINACT-'
[label_dangling]: Label not connected to anything
    ; error
    @(2500.00 mils, 3750.00 mils): Label 'MOTOR4PWM'
[pin_to_pin]: Pins of type Passive and Unspecified are connected
    ; warning
    @(2250.00 mils, 4150.00 mils): Symbol J6 Pin 5 [Pin_5, Passive, Line]
    @(3000.00 mils, 1850.00 mils): Symbol Q3 Pin 1 [1, Unspecified, Line]
[pin_to_pin]: Pins of type Passive and Unspecified are connected
    ; warning
    @(2250.00 mils, 4150.00 mils): Symbol J6 Pin 5 [Pin_5, Passive, Line]
    @(3000.00 mils, 1750.00 mils): Symbol Q3 Pin 2 [2, Unspecified, Line]
[pin_to_pin]: Pins of type Passive and Unspecified are connected
    ; warning
    @(2250.00 mils, 4150.00 mils): Symbol J6 Pin 5 [Pin_5, Passive, Line]
    @(3000.00 mils, 1650.00 mils): Symbol Q3 Pin 3 [3, Unspecified, Line]
[pin_to_pin]: Pins of type Passive and Unspecified are connected
    ; warning
    @(2250.00 mils, 2500.00 mils): Symbol J4 Pin 5 [Pin_5, Passive, Line]
    @(3000.00 mils, 1650.00 mils): Symbol Q3 Pin 3 [3, Unspecified, Line]
[pin_to_pin]: Pins of type Passive and Unspecified are connected
    ; warning
    @(2250.00 mils, 2500.00 mils): Symbol J4 Pin 5 [Pin_5, Passive, Line]
    @(3000.00 mils, 1850.00 mils): Symbol Q3 Pin 1 [1, Unspecified, Line]
[pin_to_pin]: Pins of type Passive and Unspecified are connected
    ; warning
    @(2250.00 mils, 2500.00 mils): Symbol J4 Pin 5 [Pin_5, Passive, Line]
    @(3000.00 mils, 1750.00 mils): Symbol Q3 Pin 2 [2, Unspecified, Line]
[label_dangling]: Label not connected to anything
    ; error
    @(2500.00 mils, 2400.00 mils): Label 'MOTOR2FG'
[pin_to_pin]: Pins of type Power input and Unspecified are connected
    ; warning
    @(2700.00 mils, 2650.00 mils): Symbol #PWR025 Pin 1 [Power input, Line]
    @(3000.00 mils, 1850.00 mils): Symbol Q3 Pin 1 [1, Unspecified, Line]
[pin_to_pin]: Pins of type Power input and Unspecified are connected
    ; warning
    @(2700.00 mils, 2650.00 mils): Symbol #PWR025 Pin 1 [Power input, Line]
    @(3000.00 mils, 1750.00 mils): Symbol Q3 Pin 2 [2, Unspecified, Line]
[pin_to_pin]: Pins of type Power input and Unspecified are connected
    ; warning
    @(2900.00 mils, 1750.00 mils): Symbol #PWR026 Pin 1 [Power input, Line]
    @(3000.00 mils, 1850.00 mils): Symbol Q3 Pin 1 [1, Unspecified, Line]
[pin_to_pin]: Pins of type Power input and Unspecified are connected
    ; warning
    @(2900.00 mils, 1750.00 mils): Symbol #PWR026 Pin 1 [Power input, Line]
    @(3000.00 mils, 1750.00 mils): Symbol Q3 Pin 2 [2, Unspecified, Line]
[power_pin_not_driven]: Input Power pin not driven by any Output Power pins
    ; error
    @(2700.00 mils, 2650.00 mils): Symbol #PWR025 Pin 1 [Power input, Line]
[pin_to_pin]: Pins of type Power input and Unspecified are connected
    ; warning
    @(2700.00 mils, 2650.00 mils): Symbol #PWR025 Pin 1 [Power input, Line]
    @(3000.00 mils, 1650.00 mils): Symbol Q3 Pin 3 [3, Unspecified, Line]
[pin_to_pin]: Pins of type Passive and Unspecified are connected
    ; warning
    @(2250.00 mils, 3400.00 mils): Symbol J5 Pin 5 [Pin_5, Passive, Line]
    @(3000.00 mils, 1650.00 mils): Symbol Q3 Pin 3 [3, Unspecified, Line]
[label_dangling]: Label not connected to anything
    ; error
    @(2500.00 mils, 3300.00 mils): Label 'MOTOR3FG'
[pin_to_pin]: Pins of type Passive and Unspecified are connected
    ; warning
    @(2250.00 mils, 3400.00 mils): Symbol J5 Pin 5 [Pin_5, Passive, Line]
    @(3000.00 mils, 1850.00 mils): Symbol Q3 Pin 1 [1, Unspecified, Line]
[label_dangling]: Label not connected to anything
    ; error
    @(2500.00 mils, 3000.00 mils): Label 'MOTOR3PWM'
[pin_to_pin]: Pins of type Passive and Unspecified are connected
    ; warning
    @(2250.00 mils, 3400.00 mils): Symbol J5 Pin 5 [Pin_5, Passive, Line]
    @(3000.00 mils, 1750.00 mils): Symbol Q3 Pin 2 [2, Unspecified, Line]
[pin_to_pin]: Pins of type Power input and Unspecified are connected
    ; warning
    @(5100.00 mils, 4000.00 mils): Symbol #PWR038 Pin 1 [Power input, Line]
    @(3000.00 mils, 1850.00 mils): Symbol Q3 Pin 1 [1, Unspecified, Line]
[pin_to_pin]: Pins of type Passive and Unspecified are connected
    ; warning
    @(5100.00 mils, 4000.00 mils): Symbol J13 Pin 1 [Pin_1, Passive, Line]
    @(3000.00 mils, 1850.00 mils): Symbol Q3 Pin 1 [1, Unspecified, Line]
[pin_to_pin]: Pins of type Passive and Unspecified are connected
    ; warning
    @(5100.00 mils, 4000.00 mils): Symbol J13 Pin 1 [Pin_1, Passive, Line]
    @(3000.00 mils, 1750.00 mils): Symbol Q3 Pin 2 [2, Unspecified, Line]
[pin_to_pin]: Pins of type Passive and Unspecified are connected
    ; warning
    @(5100.00 mils, 4000.00 mils): Symbol J13 Pin 1 [Pin_1, Passive, Line]
    @(3000.00 mils, 1650.00 mils): Symbol Q3 Pin 3 [3, Unspecified, Line]
[pin_to_pin]: Pins of type Power input and Unspecified are connected
    ; warning
    @(5100.00 mils, 4000.00 mils): Symbol #PWR038 Pin 1 [Power input, Line]
    @(3000.00 mils, 1650.00 mils): Symbol Q3 Pin 3 [3, Unspecified, Line]
[pin_to_pin]: Pins of type Power input and Unspecified are connected
    ; warning
    @(5100.00 mils, 4000.00 mils): Symbol #PWR038 Pin 1 [Power input, Line]
    @(3000.00 mils, 1750.00 mils): Symbol Q3 Pin 2 [2, Unspecified, Line]
[label_dangling]: Label not connected to anything
    ; error
    @(8650.00 mils, 4200.00 mils): Label 'UWBMISO'
[label_dangling]: Label not connected to anything
    ; error
    @(8650.00 mils, 4300.00 mils): Label 'UWBCS'
[label_dangling]: Label not connected to anything
    ; error
    @(8650.00 mils, 4100.00 mils): Label 'UWBCLK'
[label_dangling]: Label not connected to anything
    ; error
    @(8650.00 mils, 4000.00 mils): Label 'UWBMOSI'

 ** ERC messages: 162  Errors 75  Warnings 87
